-------------------------------------------------------------------------------
Test set: com.example.userservice.UserServiceApplicationTests
-------------------------------------------------------------------------------
Tests run: 1, Failures: 0, Errors: 1, Skipped: 0, Time elapsed: 4.843 s <<< FAILURE! - in com.example.userservice.UserServiceApplicationTests
contextLoads  Time elapsed: 0.011 s  <<< ERROR!
java.lang.IllegalStateException: Failed to load ApplicationContext
Caused by: org.springframework.beans.factory.UnsatisfiedDependencyException: Error creating bean with name 'userController': Unsatisfied dependency expressed through field 'service'; nested exception is org.springframework.beans.factory.UnsatisfiedDependencyException: Error creating bean with name 'userService': Unsatisfied dependency expressed through field 'repository'; nested exception is org.springframework.beans.factory.BeanCreationException: Error creating bean with name 'userRepository' defined in com.example.userservice.repository.UserRepository defined in @EnableJpaRepositories declared on JpaRepositoriesRegistrar.EnableJpaRepositoriesConfiguration: Invocation of init method failed; nested exception is org.springframework.data.repository.query.QueryCreationException: Could not create query for public abstract com.example.userservice.entity.User com.example.userservice.repository.UserRepository.findByUsernameAndPassword(java.lang.String,java.lang.String)! Reason: Failed to create query for method public abstract com.example.userservice.entity.User com.example.userservice.repository.UserRepository.findByUsernameAndPassword(java.lang.String,java.lang.String)! No property username found for type User!; nested exception is java.lang.IllegalArgumentException: Failed to create query for method public abstract com.example.userservice.entity.User com.example.userservice.repository.UserRepository.findByUsernameAndPassword(java.lang.String,java.lang.String)! No property username found for type User!
Caused by: org.springframework.beans.factory.UnsatisfiedDependencyException: Error creating bean with name 'userService': Unsatisfied dependency expressed through field 'repository'; nested exception is org.springframework.beans.factory.BeanCreationException: Error creating bean with name 'userRepository' defined in com.example.userservice.repository.UserRepository defined in @EnableJpaRepositories declared on JpaRepositoriesRegistrar.EnableJpaRepositoriesConfiguration: Invocation of init method failed; nested exception is org.springframework.data.repository.query.QueryCreationException: Could not create query for public abstract com.example.userservice.entity.User com.example.userservice.repository.UserRepository.findByUsernameAndPassword(java.lang.String,java.lang.String)! Reason: Failed to create query for method public abstract com.example.userservice.entity.User com.example.userservice.repository.UserRepository.findByUsernameAndPassword(java.lang.String,java.lang.String)! No property username found for type User!; nested exception is java.lang.IllegalArgumentException: Failed to create query for method public abstract com.example.userservice.entity.User com.example.userservice.repository.UserRepository.findByUsernameAndPassword(java.lang.String,java.lang.String)! No property username found for type User!
Caused by: org.springframework.beans.factory.BeanCreationException: Error creating bean with name 'userRepository' defined in com.example.userservice.repository.UserRepository defined in @EnableJpaRepositories declared on JpaRepositoriesRegistrar.EnableJpaRepositoriesConfiguration: Invocation of init method failed; nested exception is org.springframework.data.repository.query.QueryCreationException: Could not create query for public abstract com.example.userservice.entity.User com.example.userservice.repository.UserRepository.findByUsernameAndPassword(java.lang.String,java.lang.String)! Reason: Failed to create query for method public abstract com.example.userservice.entity.User com.example.userservice.repository.UserRepository.findByUsernameAndPassword(java.lang.String,java.lang.String)! No property username found for type User!; nested exception is java.lang.IllegalArgumentException: Failed to create query for method public abstract com.example.userservice.entity.User com.example.userservice.repository.UserRepository.findByUsernameAndPassword(java.lang.String,java.lang.String)! No property username found for type User!
Caused by: org.springframework.data.repository.query.QueryCreationException: Could not create query for public abstract com.example.userservice.entity.User com.example.userservice.repository.UserRepository.findByUsernameAndPassword(java.lang.String,java.lang.String)! Reason: Failed to create query for method public abstract com.example.userservice.entity.User com.example.userservice.repository.UserRepository.findByUsernameAndPassword(java.lang.String,java.lang.String)! No property username found for type User!; nested exception is java.lang.IllegalArgumentException: Failed to create query for method public abstract com.example.userservice.entity.User com.example.userservice.repository.UserRepository.findByUsernameAndPassword(java.lang.String,java.lang.String)! No property username found for type User!
Caused by: java.lang.IllegalArgumentException: Failed to create query for method public abstract com.example.userservice.entity.User com.example.userservice.repository.UserRepository.findByUsernameAndPassword(java.lang.String,java.lang.String)! No property username found for type User!
Caused by: org.springframework.data.mapping.PropertyReferenceException: No property username found for type User!

